<?xml version="1.0" encoding="UTF-8"?>
<testng-results ignored="0" total="2" passed="2" failed="0" skipped="0">
  <reporter-output>
    <line>
      <![CDATA[Execution Started]]>
    </line>
    <line>
      <![CDATA[Chrome Browser Launched]]>
    </line>
    <line>
      <![CDATA[Performing Login]]>
    </line>
    <line>
      <![CDATA[Performing Logout]]>
    </line>
    <line>
      <![CDATA[Performing Login]]>
    </line>
    <line>
      <![CDATA[Performing Logout]]>
    </line>
    <line>
      <![CDATA[Closing Browser]]>
    </line>
    <line>
      <![CDATA[Execution Ended]]>
    </line>
  </reporter-output>
  <suite started-at="2024-04-21T23:14:03 EDT" name="Default suite" finished-at="2024-04-21T23:14:29 EDT" duration-ms="25693">
    <groups>
    </groups>
    <test started-at="2024-04-21T23:14:03 EDT" name="Default test" finished-at="2024-04-21T23:14:29 EDT" duration-ms="25693">
      <class name="testscripts.Exepom">
        <test-method is-config="true" signature="extentReportSetUp()[pri:0, instance:testscripts.Exepom@72e5a8e]" started-at="2024-04-21T23:14:03 EDT" name="extentReportSetUp" finished-at="2024-04-21T23:14:03 EDT" duration-ms="342" status="PASS">
          <reporter-output>
            <line>
              <![CDATA[Execution Started]]>
            </line>
          </reporter-output>
        </test-method> <!-- extentReportSetUp -->
        <test-method is-config="true" signature="launchingBrowser(java.lang.String)[pri:0, instance:testscripts.Exepom@72e5a8e]" started-at="2024-04-21T23:14:03 EDT" name="launchingBrowser" finished-at="2024-04-21T23:14:07 EDT" duration-ms="4008" status="PASS">
          <params>
            <param index="0">
              <value>
                <![CDATA[Chrome]]>
              </value>
            </param>
          </params>
          <reporter-output>
            <line>
              <![CDATA[Chrome Browser Launched]]>
            </line>
          </reporter-output>
        </test-method> <!-- launchingBrowser -->
        <test-method is-config="true" signature="performingLogin(java.lang.reflect.Method)[pri:0, instance:testscripts.Exepom@72e5a8e]" started-at="2024-04-21T23:14:08 EDT" name="performingLogin" finished-at="2024-04-21T23:14:12 EDT" duration-ms="4150" status="PASS">
          <params>
            <param index="0">
              <value>
                <![CDATA[public void testscripts.Exepom.MainCategories() throws java.lang.InterruptedException]]>
              </value>
            </param>
          </params>
          <reporter-output>
            <line>
              <![CDATA[Performing Login]]>
            </line>
          </reporter-output>
        </test-method> <!-- performingLogin -->
        <test-method signature="MainCategories()[pri:1, instance:testscripts.Exepom@72e5a8e]" started-at="2024-04-21T23:14:12 EDT" name="MainCategories" finished-at="2024-04-21T23:14:26 EDT" duration-ms="13906" status="PASS">
          <reporter-output>
          </reporter-output>
        </test-method> <!-- MainCategories -->
        <test-method is-config="true" signature="performingLogout()[pri:0, instance:testscripts.Exepom@72e5a8e]" started-at="2024-04-21T23:14:26 EDT" name="performingLogout" finished-at="2024-04-21T23:14:26 EDT" duration-ms="489" status="PASS">
          <reporter-output>
            <line>
              <![CDATA[Performing Logout]]>
            </line>
          </reporter-output>
        </test-method> <!-- performingLogout -->
        <test-method is-config="true" signature="performingLogin(java.lang.reflect.Method)[pri:0, instance:testscripts.Exepom@72e5a8e]" started-at="2024-04-21T23:14:26 EDT" name="performingLogin" finished-at="2024-04-21T23:14:27 EDT" duration-ms="1055" status="PASS">
          <params>
            <param index="0">
              <value>
                <![CDATA[public void testscripts.Exepom.wishListTestCase() throws java.lang.InterruptedException]]>
              </value>
            </param>
          </params>
          <reporter-output>
            <line>
              <![CDATA[Performing Login]]>
            </line>
          </reporter-output>
        </test-method> <!-- performingLogin -->
        <test-method signature="wishListTestCase()[pri:2, instance:testscripts.Exepom@72e5a8e]" started-at="2024-04-21T23:14:27 EDT" name="wishListTestCase" finished-at="2024-04-21T23:14:28 EDT" duration-ms="1335" status="PASS">
          <reporter-output>
          </reporter-output>
        </test-method> <!-- wishListTestCase -->
        <test-method is-config="true" signature="performingLogout()[pri:0, instance:testscripts.Exepom@72e5a8e]" started-at="2024-04-21T23:14:28 EDT" name="performingLogout" finished-at="2024-04-21T23:14:29 EDT" duration-ms="465" status="PASS">
          <reporter-output>
            <line>
              <![CDATA[Performing Logout]]>
            </line>
          </reporter-output>
        </test-method> <!-- performingLogout -->
        <test-method is-config="true" signature="closingBrowser()[pri:0, instance:testscripts.Exepom@72e5a8e]" started-at="2024-04-21T23:14:29 EDT" name="closingBrowser" finished-at="2024-04-21T23:14:29 EDT" duration-ms="244" status="PASS">
          <reporter-output>
            <line>
              <![CDATA[Closing Browser]]>
            </line>
          </reporter-output>
        </test-method> <!-- closingBrowser -->
        <test-method is-config="true" signature="extentReportFlush()[pri:0, instance:testscripts.Exepom@72e5a8e]" started-at="2024-04-21T23:14:29 EDT" name="extentReportFlush" finished-at="2024-04-21T23:14:30 EDT" duration-ms="478" status="PASS">
          <reporter-output>
            <line>
              <![CDATA[Execution Ended]]>
            </line>
          </reporter-output>
        </test-method> <!-- extentReportFlush -->
      </class> <!-- testscripts.Exepom -->
    </test> <!-- Default test -->
  </suite> <!-- Default suite -->
</testng-results>
